<?xml version="1.0" encoding="UTF-8"?>
<!-- Generated by org.testng.reporters.JUnitReportReporter -->
<testsuite skipped="0" hostname="Jithin-PC" name="Ecom.Ecompurchase" tests="3" failures="0" timestamp="2020-07-24T15:36:56 IST" time="17.057" errors="0">
  <testcase name="register" time="7.987" classname="Ecom.Ecompurchase"/>
  <system-out/>
  <testcase name="login" time="6.345" classname="Ecom.Ecompurchase"/>
  <system-out/>
  <testcase name="shopping" time="2.725" classname="Ecom.Ecompurchase"/>
  <system-out/>
</testsuite> <!-- Ecom.Ecompurchase -->
